[2025-02-20 10:32:45.753] [info] Using configuration file /home/ke/.config/waybar/config.jsonc
[2025-02-20 10:32:45.755] [info] Unable to receive desktop appearance: GDBus.Error:org.freedesktop.DBus.Error.ServiceUnknown: The name is not activatable
[2025-02-20 10:32:45.755] [info] Using CSS file /home/ke/.config/waybar/style.css
[2025-02-20 10:32:45.764] [info] Hyprland IPC starting
[2025-02-20 10:32:45.765] [info] Loading persistent workspaces from Hyprland workspace rules
[2025-02-20 10:32:45.969] [warning] Requested height: 26 is less than the minimum height: 27 required by the modules
[2025-02-20 10:32:45.969] [info] Bar configured (width: 1350, height: 27) for output: eDP-1
[2025-02-20 10:32:54.038] [info] Using configuration file /home/ke/.config/waybar/config.jsonc
[2025-02-20 10:32:54.040] [info] Unable to receive desktop appearance: GDBus.Error:org.freedesktop.DBus.Error.ServiceUnknown: The name is not activatable
[2025-02-20 10:32:54.040] [info] Using CSS file /home/ke/.config/waybar/style.css
[2025-02-20 10:32:54.050] [info] Hyprland IPC starting
[2025-02-20 10:32:54.051] [info] Loading persistent workspaces from Hyprland workspace rules
[2025-02-20 10:32:54.246] [warning] Requested height: 26 is less than the minimum height: 27 required by the modules
[2025-02-20 10:32:54.246] [info] Bar configured (width: 1350, height: 27) for output: eDP-1
[2025-02-20 10:32:57.468] [info] Using configuration file /home/ke/.config/waybar/config.jsonc
[2025-02-20 10:32:57.470] [info] Unable to receive desktop appearance: GDBus.Error:org.freedesktop.DBus.Error.ServiceUnknown: The name is not activatable
[2025-02-20 10:32:57.470] [info] Using CSS file /home/ke/.config/waybar/style.css
[2025-02-20 10:32:57.481] [info] Hyprland IPC starting
[2025-02-20 10:32:57.482] [info] Loading persistent workspaces from Hyprland workspace rules
[2025-02-20 10:32:57.699] [warning] Requested height: 26 is less than the minimum height: 27 required by the modules
[2025-02-20 10:32:57.699] [info] Bar configured (width: 1350, height: 27) for output: eDP-1
[2025-02-20 10:33:03.187] [info] Using configuration file /home/ke/.config/waybar/config.jsonc
[2025-02-20 10:33:03.188] [info] Unable to receive desktop appearance: GDBus.Error:org.freedesktop.DBus.Error.ServiceUnknown: The name is not activatable
[2025-02-20 10:33:03.188] [info] Using CSS file /home/ke/.config/waybar/style.css
[2025-02-20 10:33:03.197] [info] Hyprland IPC starting
[2025-02-20 10:33:03.198] [info] Loading persistent workspaces from Hyprland workspace rules
[2025-02-20 10:33:03.382] [info] Bar configured (width: 1366, height: 24) for output: eDP-1
[2025-02-20 10:33:08.531] [info] Using configuration file /home/ke/.config/waybar/config.jsonc
[2025-02-20 10:33:08.533] [info] Unable to receive desktop appearance: GDBus.Error:org.freedesktop.DBus.Error.ServiceUnknown: The name is not activatable
[2025-02-20 10:33:08.533] [info] Using CSS file /home/ke/.config/waybar/style.css
[2025-02-20 10:33:08.541] [info] Hyprland IPC starting
[2025-02-20 10:33:08.543] [info] Loading persistent workspaces from Hyprland workspace rules
[2025-02-20 10:33:08.723] [warning] Requested height: 26 is less than the minimum height: 27 required by the modules
[2025-02-20 10:33:08.723] [info] Bar configured (width: 1350, height: 27) for output: eDP-1
[2025-02-20 10:33:11.270] [info] Bar configured (width: 1350, height: 26) for output: eDP-1
[2025-02-20 10:33:13.367] [warning] Requested height: 26 is less than the minimum height: 29 required by the modules
[2025-02-20 10:33:13.367] [info] Bar configured (width: 1350, height: 29) for output: eDP-1
[2025-02-20 10:33:13.374] [info] Bar configured (width: 1350, height: 26) for output: eDP-1
