[2025-02-20 10:22:21.589] [info] Using configuration file /home/ke/.config/waybar/config.jsonc
[2025-02-20 10:22:21.591] [info] Unable to receive desktop appearance: GDBus.Error:org.freedesktop.DBus.Error.ServiceUnknown: The name is not activatable
[2025-02-20 10:22:21.591] [info] Using CSS file /home/ke/.config/waybar/style.css
[2025-02-20 10:22:21.600] [info] Hyprland IPC starting
[2025-02-20 10:22:21.602] [info] Loading persistent workspaces from Hyprland workspace rules
[2025-02-20 10:22:28.153] [info] Using configuration file /home/ke/.config/waybar/config.jsonc
[2025-02-20 10:22:28.155] [info] Unable to receive desktop appearance: GDBus.Error:org.freedesktop.DBus.Error.ServiceUnknown: The name is not activatable
[2025-02-20 10:22:28.155] [info] Using CSS file /home/ke/.config/waybar/style.css
[2025-02-20 10:22:28.162] [info] Hyprland IPC starting
[2025-02-20 10:22:28.163] [info] Loading persistent workspaces from Hyprland workspace rules
[2025-02-20 10:22:28.357] [warning] Requested height: 26 is less than the minimum height: 27 required by the modules
[2025-02-20 10:22:28.357] [info] Bar configured (width: 1350, height: 27) for output: eDP-1
[2025-02-20 10:22:31.546] [info] Using configuration file /home/ke/.config/waybar/config.jsonc
[2025-02-20 10:22:31.548] [info] Unable to receive desktop appearance: GDBus.Error:org.freedesktop.DBus.Error.ServiceUnknown: The name is not activatable
[2025-02-20 10:22:31.548] [info] Using CSS file /home/ke/.config/waybar/style.css
[2025-02-20 10:22:31.557] [info] Hyprland IPC starting
[2025-02-20 10:22:31.558] [info] Loading persistent workspaces from Hyprland workspace rules
[2025-02-20 10:22:31.761] [warning] Requested height: 26 is less than the minimum height: 27 required by the modules
[2025-02-20 10:22:31.761] [info] Bar configured (width: 1350, height: 27) for output: eDP-1
[2025-02-20 10:22:33.811] [info] Using configuration file /home/ke/.config/waybar/config.jsonc
[2025-02-20 10:22:33.812] [info] Unable to receive desktop appearance: GDBus.Error:org.freedesktop.DBus.Error.ServiceUnknown: The name is not activatable
[2025-02-20 10:22:33.812] [info] Using CSS file /home/ke/.config/waybar/style.css
[2025-02-20 10:22:33.824] [info] Hyprland IPC starting
[2025-02-20 10:22:33.825] [info] Loading persistent workspaces from Hyprland workspace rules
[2025-02-20 10:22:34.048] [warning] Requested height: 26 is less than the minimum height: 27 required by the modules
[2025-02-20 10:22:34.048] [info] Bar configured (width: 1350, height: 27) for output: eDP-1
[2025-02-20 10:22:36.409] [info] Using configuration file /home/ke/.config/waybar/config.jsonc
[2025-02-20 10:22:36.410] [info] Unable to receive desktop appearance: GDBus.Error:org.freedesktop.DBus.Error.ServiceUnknown: The name is not activatable
[2025-02-20 10:22:36.410] [info] Using CSS file /home/ke/.config/waybar/style.css
[2025-02-20 10:22:36.420] [info] Hyprland IPC starting
[2025-02-20 10:22:36.421] [info] Loading persistent workspaces from Hyprland workspace rules
[2025-02-20 10:22:36.594] [info] Bar configured (width: 1366, height: 24) for output: eDP-1
